Pseudo-terminal will not be allocated because stdin is not a terminal.
Linux instance-1 4.9.0-6-amd64 #1 SMP Debian 4.9.88-1+deb9u1 (2018-05-07) x86_64

The programs included with the Debian GNU/Linux system are free software;
the exact distribution terms for each program are described in the
individual files in /usr/share/doc/*/copyright.

Debian GNU/Linux comes with ABSOLUTELY NO WARRANTY, to the extent
permitted by applicable law.
NOTE: When using the `ipython kernel` entry point, Ctrl-C will not work.

To exit, you will have to explicitly quit this process, by either sending
"quit" from a client, or using Ctrl-\ in UNIX-like environments.

To read more about this, see https://github.com/ipython/ipython/issues/2049


To connect another client to this kernel, use:
    --existing kernel-7825.json
Pseudo-terminal will not be allocated because stdin is not a terminal.
Linux instance-1 4.9.0-6-amd64 #1 SMP Debian 4.9.88-1+deb9u1 (2018-05-07) x86_64

The programs included with the Debian GNU/Linux system are free software;
the exact distribution terms for each program are described in the
individual files in /usr/share/doc/*/copyright.

Debian GNU/Linux comes with ABSOLUTELY NO WARRANTY, to the extent
permitted by applicable law.
NOTE: When using the `ipython kernel` entry point, Ctrl-C will not work.

To exit, you will have to explicitly quit this process, by either sending
"quit" from a client, or using Ctrl-\ in UNIX-like environments.

To read more about this, see https://github.com/ipython/ipython/issues/2049


To connect another client to this kernel, use:
    --existing kernel-7930.json
Pseudo-terminal will not be allocated because stdin is not a terminal.
Linux instance-1 4.9.0-6-amd64 #1 SMP Debian 4.9.88-1+deb9u1 (2018-05-07) x86_64

The programs included with the Debian GNU/Linux system are free software;
the exact distribution terms for each program are described in the
individual files in /usr/share/doc/*/copyright.

Debian GNU/Linux comes with ABSOLUTELY NO WARRANTY, to the extent
permitted by applicable law.
NOTE: When using the `ipython kernel` entry point, Ctrl-C will not work.

To exit, you will have to explicitly quit this process, by either sending
"quit" from a client, or using Ctrl-\ in UNIX-like environments.

To read more about this, see https://github.com/ipython/ipython/issues/2049


To connect another client to this kernel, use:
    --existing kernel-8019.json
Pseudo-terminal will not be allocated because stdin is not a terminal.
Linux instance-1 4.9.0-6-amd64 #1 SMP Debian 4.9.88-1+deb9u1 (2018-05-07) x86_64

The programs included with the Debian GNU/Linux system are free software;
the exact distribution terms for each program are described in the
individual files in /usr/share/doc/*/copyright.

Debian GNU/Linux comes with ABSOLUTELY NO WARRANTY, to the extent
permitted by applicable law.
NOTE: When using the `ipython kernel` entry point, Ctrl-C will not work.

To exit, you will have to explicitly quit this process, by either sending
"quit" from a client, or using Ctrl-\ in UNIX-like environments.

To read more about this, see https://github.com/ipython/ipython/issues/2049


To connect another client to this kernel, use:
    --existing kernel-8110.json
Pseudo-terminal will not be allocated because stdin is not a terminal.
Linux instance-1 4.9.0-6-amd64 #1 SMP Debian 4.9.88-1+deb9u1 (2018-05-07) x86_64

The programs included with the Debian GNU/Linux system are free software;
the exact distribution terms for each program are described in the
individual files in /usr/share/doc/*/copyright.

Debian GNU/Linux comes with ABSOLUTELY NO WARRANTY, to the extent
permitted by applicable law.
NOTE: When using the `ipython kernel` entry point, Ctrl-C will not work.

To exit, you will have to explicitly quit this process, by either sending
"quit" from a client, or using Ctrl-\ in UNIX-like environments.

To read more about this, see https://github.com/ipython/ipython/issues/2049


To connect another client to this kernel, use:
    --existing kernel-8220.json
Pseudo-terminal will not be allocated because stdin is not a terminal.
Linux instance-1 4.9.0-6-amd64 #1 SMP Debian 4.9.88-1+deb9u1 (2018-05-07) x86_64

The programs included with the Debian GNU/Linux system are free software;
the exact distribution terms for each program are described in the
individual files in /usr/share/doc/*/copyright.

Debian GNU/Linux comes with ABSOLUTELY NO WARRANTY, to the extent
permitted by applicable law.
NOTE: When using the `ipython kernel` entry point, Ctrl-C will not work.

To exit, you will have to explicitly quit this process, by either sending
"quit" from a client, or using Ctrl-\ in UNIX-like environments.

To read more about this, see https://github.com/ipython/ipython/issues/2049


To connect another client to this kernel, use:
    --existing kernel-8399.json
Pseudo-terminal will not be allocated because stdin is not a terminal.
Linux instance-1 4.9.0-6-amd64 #1 SMP Debian 4.9.88-1+deb9u1 (2018-05-07) x86_64

The programs included with the Debian GNU/Linux system are free software;
the exact distribution terms for each program are described in the
individual files in /usr/share/doc/*/copyright.

Debian GNU/Linux comes with ABSOLUTELY NO WARRANTY, to the extent
permitted by applicable law.
NOTE: When using the `ipython kernel` entry point, Ctrl-C will not work.

To exit, you will have to explicitly quit this process, by either sending
"quit" from a client, or using Ctrl-\ in UNIX-like environments.

To read more about this, see https://github.com/ipython/ipython/issues/2049


To connect another client to this kernel, use:
    --existing kernel-8464.json
Pseudo-terminal will not be allocated because stdin is not a terminal.
Linux instance-1 4.9.0-6-amd64 #1 SMP Debian 4.9.88-1+deb9u1 (2018-05-07) x86_64

The programs included with the Debian GNU/Linux system are free software;
the exact distribution terms for each program are described in the
individual files in /usr/share/doc/*/copyright.

Debian GNU/Linux comes with ABSOLUTELY NO WARRANTY, to the extent
permitted by applicable law.
NOTE: When using the `ipython kernel` entry point, Ctrl-C will not work.

To exit, you will have to explicitly quit this process, by either sending
"quit" from a client, or using Ctrl-\ in UNIX-like environments.

To read more about this, see https://github.com/ipython/ipython/issues/2049


To connect another client to this kernel, use:
    --existing kernel-8566.json
Write failed: Broken pipe
Write failed: Broken pipe
Pseudo-terminal will not be allocated because stdin is not a terminal.
Linux instance-1 4.9.0-6-amd64 #1 SMP Debian 4.9.88-1+deb9u1 (2018-05-07) x86_64

The programs included with the Debian GNU/Linux system are free software;
the exact distribution terms for each program are described in the
individual files in /usr/share/doc/*/copyright.

Debian GNU/Linux comes with ABSOLUTELY NO WARRANTY, to the extent
permitted by applicable law.
NOTE: When using the `ipython kernel` entry point, Ctrl-C will not work.

To exit, you will have to explicitly quit this process, by either sending
"quit" from a client, or using Ctrl-\ in UNIX-like environments.

To read more about this, see https://github.com/ipython/ipython/issues/2049


To connect another client to this kernel, use:
    --existing kernel-31739.json
Pseudo-terminal will not be allocated because stdin is not a terminal.
Linux instance-1 4.9.0-6-amd64 #1 SMP Debian 4.9.88-1+deb9u1 (2018-05-07) x86_64

The programs included with the Debian GNU/Linux system are free software;
the exact distribution terms for each program are described in the
individual files in /usr/share/doc/*/copyright.

Debian GNU/Linux comes with ABSOLUTELY NO WARRANTY, to the extent
permitted by applicable law.
NOTE: When using the `ipython kernel` entry point, Ctrl-C will not work.

To exit, you will have to explicitly quit this process, by either sending
"quit" from a client, or using Ctrl-\ in UNIX-like environments.

To read more about this, see https://github.com/ipython/ipython/issues/2049


To connect another client to this kernel, use:
    --existing kernel-31819.json
Pseudo-terminal will not be allocated because stdin is not a terminal.
Linux instance-1 4.9.0-6-amd64 #1 SMP Debian 4.9.88-1+deb9u1 (2018-05-07) x86_64

The programs included with the Debian GNU/Linux system are free software;
the exact distribution terms for each program are described in the
individual files in /usr/share/doc/*/copyright.

Debian GNU/Linux comes with ABSOLUTELY NO WARRANTY, to the extent
permitted by applicable law.
NOTE: When using the `ipython kernel` entry point, Ctrl-C will not work.

To exit, you will have to explicitly quit this process, by either sending
"quit" from a client, or using Ctrl-\ in UNIX-like environments.

To read more about this, see https://github.com/ipython/ipython/issues/2049


To connect another client to this kernel, use:
    --existing kernel-31882.json
Pseudo-terminal will not be allocated because stdin is not a terminal.
Linux instance-1 4.9.0-6-amd64 #1 SMP Debian 4.9.88-1+deb9u1 (2018-05-07) x86_64

The programs included with the Debian GNU/Linux system are free software;
the exact distribution terms for each program are described in the
individual files in /usr/share/doc/*/copyright.

Debian GNU/Linux comes with ABSOLUTELY NO WARRANTY, to the extent
permitted by applicable law.
NOTE: When using the `ipython kernel` entry point, Ctrl-C will not work.

To exit, you will have to explicitly quit this process, by either sending
"quit" from a client, or using Ctrl-\ in UNIX-like environments.

To read more about this, see https://github.com/ipython/ipython/issues/2049


To connect another client to this kernel, use:
    --existing kernel-31992.json
Pseudo-terminal will not be allocated because stdin is not a terminal.
Linux instance-1 4.9.0-6-amd64 #1 SMP Debian 4.9.88-1+deb9u1 (2018-05-07) x86_64

The programs included with the Debian GNU/Linux system are free software;
the exact distribution terms for each program are described in the
individual files in /usr/share/doc/*/copyright.

Debian GNU/Linux comes with ABSOLUTELY NO WARRANTY, to the extent
permitted by applicable law.
NOTE: When using the `ipython kernel` entry point, Ctrl-C will not work.

To exit, you will have to explicitly quit this process, by either sending
"quit" from a client, or using Ctrl-\ in UNIX-like environments.

To read more about this, see https://github.com/ipython/ipython/issues/2049


To connect another client to this kernel, use:
    --existing kernel-32660.json
Pseudo-terminal will not be allocated because stdin is not a terminal.
Linux instance-1 4.9.0-6-amd64 #1 SMP Debian 4.9.88-1+deb9u1 (2018-05-07) x86_64

The programs included with the Debian GNU/Linux system are free software;
the exact distribution terms for each program are described in the
individual files in /usr/share/doc/*/copyright.

Debian GNU/Linux comes with ABSOLUTELY NO WARRANTY, to the extent
permitted by applicable law.
NOTE: When using the `ipython kernel` entry point, Ctrl-C will not work.

To exit, you will have to explicitly quit this process, by either sending
"quit" from a client, or using Ctrl-\ in UNIX-like environments.

To read more about this, see https://github.com/ipython/ipython/issues/2049


To connect another client to this kernel, use:
    --existing kernel-457.json
Pseudo-terminal will not be allocated because stdin is not a terminal.
Linux instance-1 4.9.0-6-amd64 #1 SMP Debian 4.9.88-1+deb9u1 (2018-05-07) x86_64

The programs included with the Debian GNU/Linux system are free software;
the exact distribution terms for each program are described in the
individual files in /usr/share/doc/*/copyright.

Debian GNU/Linux comes with ABSOLUTELY NO WARRANTY, to the extent
permitted by applicable law.
NOTE: When using the `ipython kernel` entry point, Ctrl-C will not work.

To exit, you will have to explicitly quit this process, by either sending
"quit" from a client, or using Ctrl-\ in UNIX-like environments.

To read more about this, see https://github.com/ipython/ipython/issues/2049


To connect another client to this kernel, use:
    --existing kernel-537.json
Pseudo-terminal will not be allocated because stdin is not a terminal.
Linux instance-1 4.9.0-6-amd64 #1 SMP Debian 4.9.88-1+deb9u1 (2018-05-07) x86_64

The programs included with the Debian GNU/Linux system are free software;
the exact distribution terms for each program are described in the
individual files in /usr/share/doc/*/copyright.

Debian GNU/Linux comes with ABSOLUTELY NO WARRANTY, to the extent
permitted by applicable law.
NOTE: When using the `ipython kernel` entry point, Ctrl-C will not work.

To exit, you will have to explicitly quit this process, by either sending
"quit" from a client, or using Ctrl-\ in UNIX-like environments.

To read more about this, see https://github.com/ipython/ipython/issues/2049


To connect another client to this kernel, use:
    --existing kernel-633.json
Pseudo-terminal will not be allocated because stdin is not a terminal.
Linux instance-1 4.9.0-6-amd64 #1 SMP Debian 4.9.88-1+deb9u1 (2018-05-07) x86_64

The programs included with the Debian GNU/Linux system are free software;
the exact distribution terms for each program are described in the
individual files in /usr/share/doc/*/copyright.

Debian GNU/Linux comes with ABSOLUTELY NO WARRANTY, to the extent
permitted by applicable law.
NOTE: When using the `ipython kernel` entry point, Ctrl-C will not work.

To exit, you will have to explicitly quit this process, by either sending
"quit" from a client, or using Ctrl-\ in UNIX-like environments.

To read more about this, see https://github.com/ipython/ipython/issues/2049


To connect another client to this kernel, use:
    --existing kernel-740.json
Pseudo-terminal will not be allocated because stdin is not a terminal.
Linux instance-1 4.9.0-6-amd64 #1 SMP Debian 4.9.88-1+deb9u1 (2018-05-07) x86_64

The programs included with the Debian GNU/Linux system are free software;
the exact distribution terms for each program are described in the
individual files in /usr/share/doc/*/copyright.

Debian GNU/Linux comes with ABSOLUTELY NO WARRANTY, to the extent
permitted by applicable law.
NOTE: When using the `ipython kernel` entry point, Ctrl-C will not work.

To exit, you will have to explicitly quit this process, by either sending
"quit" from a client, or using Ctrl-\ in UNIX-like environments.

To read more about this, see https://github.com/ipython/ipython/issues/2049


To connect another client to this kernel, use:
    --existing kernel-838.json
Pseudo-terminal will not be allocated because stdin is not a terminal.
Linux instance-1 4.9.0-6-amd64 #1 SMP Debian 4.9.88-1+deb9u1 (2018-05-07) x86_64

The programs included with the Debian GNU/Linux system are free software;
the exact distribution terms for each program are described in the
individual files in /usr/share/doc/*/copyright.

Debian GNU/Linux comes with ABSOLUTELY NO WARRANTY, to the extent
permitted by applicable law.
NOTE: When using the `ipython kernel` entry point, Ctrl-C will not work.

To exit, you will have to explicitly quit this process, by either sending
"quit" from a client, or using Ctrl-\ in UNIX-like environments.

To read more about this, see https://github.com/ipython/ipython/issues/2049


To connect another client to this kernel, use:
    --existing kernel-925.json
Pseudo-terminal will not be allocated because stdin is not a terminal.
Linux instance-1 4.9.0-6-amd64 #1 SMP Debian 4.9.88-1+deb9u1 (2018-05-07) x86_64

The programs included with the Debian GNU/Linux system are free software;
the exact distribution terms for each program are described in the
individual files in /usr/share/doc/*/copyright.

Debian GNU/Linux comes with ABSOLUTELY NO WARRANTY, to the extent
permitted by applicable law.
NOTE: When using the `ipython kernel` entry point, Ctrl-C will not work.

To exit, you will have to explicitly quit this process, by either sending
"quit" from a client, or using Ctrl-\ in UNIX-like environments.

To read more about this, see https://github.com/ipython/ipython/issues/2049


To connect another client to this kernel, use:
    --existing kernel-1060.json
Pseudo-terminal will not be allocated because stdin is not a terminal.
Linux instance-1 4.9.0-6-amd64 #1 SMP Debian 4.9.88-1+deb9u1 (2018-05-07) x86_64

The programs included with the Debian GNU/Linux system are free software;
the exact distribution terms for each program are described in the
individual files in /usr/share/doc/*/copyright.

Debian GNU/Linux comes with ABSOLUTELY NO WARRANTY, to the extent
permitted by applicable law.
NOTE: When using the `ipython kernel` entry point, Ctrl-C will not work.

To exit, you will have to explicitly quit this process, by either sending
"quit" from a client, or using Ctrl-\ in UNIX-like environments.

To read more about this, see https://github.com/ipython/ipython/issues/2049


To connect another client to this kernel, use:
    --existing kernel-1146.json
Pseudo-terminal will not be allocated because stdin is not a terminal.
Linux instance-1 4.9.0-6-amd64 #1 SMP Debian 4.9.88-1+deb9u1 (2018-05-07) x86_64

The programs included with the Debian GNU/Linux system are free software;
the exact distribution terms for each program are described in the
individual files in /usr/share/doc/*/copyright.

Debian GNU/Linux comes with ABSOLUTELY NO WARRANTY, to the extent
permitted by applicable law.
NOTE: When using the `ipython kernel` entry point, Ctrl-C will not work.

To exit, you will have to explicitly quit this process, by either sending
"quit" from a client, or using Ctrl-\ in UNIX-like environments.

To read more about this, see https://github.com/ipython/ipython/issues/2049


To connect another client to this kernel, use:
    --existing kernel-1227.json
Pseudo-terminal will not be allocated because stdin is not a terminal.
Linux instance-1 4.9.0-6-amd64 #1 SMP Debian 4.9.88-1+deb9u1 (2018-05-07) x86_64

The programs included with the Debian GNU/Linux system are free software;
the exact distribution terms for each program are described in the
individual files in /usr/share/doc/*/copyright.

Debian GNU/Linux comes with ABSOLUTELY NO WARRANTY, to the extent
permitted by applicable law.
NOTE: When using the `ipython kernel` entry point, Ctrl-C will not work.

To exit, you will have to explicitly quit this process, by either sending
"quit" from a client, or using Ctrl-\ in UNIX-like environments.

To read more about this, see https://github.com/ipython/ipython/issues/2049


To connect another client to this kernel, use:
    --existing kernel-1308.json
Pseudo-terminal will not be allocated because stdin is not a terminal.
Linux instance-1 4.9.0-6-amd64 #1 SMP Debian 4.9.88-1+deb9u1 (2018-05-07) x86_64

The programs included with the Debian GNU/Linux system are free software;
the exact distribution terms for each program are described in the
individual files in /usr/share/doc/*/copyright.

Debian GNU/Linux comes with ABSOLUTELY NO WARRANTY, to the extent
permitted by applicable law.
NOTE: When using the `ipython kernel` entry point, Ctrl-C will not work.

To exit, you will have to explicitly quit this process, by either sending
"quit" from a client, or using Ctrl-\ in UNIX-like environments.

To read more about this, see https://github.com/ipython/ipython/issues/2049


To connect another client to this kernel, use:
    --existing kernel-1397.json
Pseudo-terminal will not be allocated because stdin is not a terminal.
Linux instance-1 4.9.0-6-amd64 #1 SMP Debian 4.9.88-1+deb9u1 (2018-05-07) x86_64

The programs included with the Debian GNU/Linux system are free software;
the exact distribution terms for each program are described in the
individual files in /usr/share/doc/*/copyright.

Debian GNU/Linux comes with ABSOLUTELY NO WARRANTY, to the extent
permitted by applicable law.
NOTE: When using the `ipython kernel` entry point, Ctrl-C will not work.

To exit, you will have to explicitly quit this process, by either sending
"quit" from a client, or using Ctrl-\ in UNIX-like environments.

To read more about this, see https://github.com/ipython/ipython/issues/2049


To connect another client to this kernel, use:
    --existing kernel-1478.json
Pseudo-terminal will not be allocated because stdin is not a terminal.
Linux instance-1 4.9.0-6-amd64 #1 SMP Debian 4.9.88-1+deb9u1 (2018-05-07) x86_64

The programs included with the Debian GNU/Linux system are free software;
the exact distribution terms for each program are described in the
individual files in /usr/share/doc/*/copyright.

Debian GNU/Linux comes with ABSOLUTELY NO WARRANTY, to the extent
permitted by applicable law.
NOTE: When using the `ipython kernel` entry point, Ctrl-C will not work.

To exit, you will have to explicitly quit this process, by either sending
"quit" from a client, or using Ctrl-\ in UNIX-like environments.

To read more about this, see https://github.com/ipython/ipython/issues/2049


To connect another client to this kernel, use:
    --existing kernel-1574.json
Pseudo-terminal will not be allocated because stdin is not a terminal.
Linux instance-1 4.9.0-6-amd64 #1 SMP Debian 4.9.88-1+deb9u1 (2018-05-07) x86_64

The programs included with the Debian GNU/Linux system are free software;
the exact distribution terms for each program are described in the
individual files in /usr/share/doc/*/copyright.

Debian GNU/Linux comes with ABSOLUTELY NO WARRANTY, to the extent
permitted by applicable law.
NOTE: When using the `ipython kernel` entry point, Ctrl-C will not work.

To exit, you will have to explicitly quit this process, by either sending
"quit" from a client, or using Ctrl-\ in UNIX-like environments.

To read more about this, see https://github.com/ipython/ipython/issues/2049


To connect another client to this kernel, use:
    --existing kernel-1631.json
Pseudo-terminal will not be allocated because stdin is not a terminal.
Linux instance-1 4.9.0-6-amd64 #1 SMP Debian 4.9.88-1+deb9u1 (2018-05-07) x86_64

The programs included with the Debian GNU/Linux system are free software;
the exact distribution terms for each program are described in the
individual files in /usr/share/doc/*/copyright.

Debian GNU/Linux comes with ABSOLUTELY NO WARRANTY, to the extent
permitted by applicable law.
NOTE: When using the `ipython kernel` entry point, Ctrl-C will not work.

To exit, you will have to explicitly quit this process, by either sending
"quit" from a client, or using Ctrl-\ in UNIX-like environments.

To read more about this, see https://github.com/ipython/ipython/issues/2049


To connect another client to this kernel, use:
    --existing kernel-1727.json
Pseudo-terminal will not be allocated because stdin is not a terminal.
Linux instance-1 4.9.0-6-amd64 #1 SMP Debian 4.9.88-1+deb9u1 (2018-05-07) x86_64

The programs included with the Debian GNU/Linux system are free software;
the exact distribution terms for each program are described in the
individual files in /usr/share/doc/*/copyright.

Debian GNU/Linux comes with ABSOLUTELY NO WARRANTY, to the extent
permitted by applicable law.
NOTE: When using the `ipython kernel` entry point, Ctrl-C will not work.

To exit, you will have to explicitly quit this process, by either sending
"quit" from a client, or using Ctrl-\ in UNIX-like environments.

To read more about this, see https://github.com/ipython/ipython/issues/2049


To connect another client to this kernel, use:
    --existing kernel-1817.json
Pseudo-terminal will not be allocated because stdin is not a terminal.
Linux instance-1 4.9.0-6-amd64 #1 SMP Debian 4.9.88-1+deb9u1 (2018-05-07) x86_64

The programs included with the Debian GNU/Linux system are free software;
the exact distribution terms for each program are described in the
individual files in /usr/share/doc/*/copyright.

Debian GNU/Linux comes with ABSOLUTELY NO WARRANTY, to the extent
permitted by applicable law.
NOTE: When using the `ipython kernel` entry point, Ctrl-C will not work.

To exit, you will have to explicitly quit this process, by either sending
"quit" from a client, or using Ctrl-\ in UNIX-like environments.

To read more about this, see https://github.com/ipython/ipython/issues/2049


To connect another client to this kernel, use:
    --existing kernel-1911.json
Pseudo-terminal will not be allocated because stdin is not a terminal.
Linux instance-1 4.9.0-6-amd64 #1 SMP Debian 4.9.88-1+deb9u1 (2018-05-07) x86_64

The programs included with the Debian GNU/Linux system are free software;
the exact distribution terms for each program are described in the
individual files in /usr/share/doc/*/copyright.

Debian GNU/Linux comes with ABSOLUTELY NO WARRANTY, to the extent
permitted by applicable law.
NOTE: When using the `ipython kernel` entry point, Ctrl-C will not work.

To exit, you will have to explicitly quit this process, by either sending
"quit" from a client, or using Ctrl-\ in UNIX-like environments.

To read more about this, see https://github.com/ipython/ipython/issues/2049


To connect another client to this kernel, use:
    --existing kernel-2000.json
Pseudo-terminal will not be allocated because stdin is not a terminal.
Linux instance-1 4.9.0-6-amd64 #1 SMP Debian 4.9.88-1+deb9u1 (2018-05-07) x86_64

The programs included with the Debian GNU/Linux system are free software;
the exact distribution terms for each program are described in the
individual files in /usr/share/doc/*/copyright.

Debian GNU/Linux comes with ABSOLUTELY NO WARRANTY, to the extent
permitted by applicable law.
NOTE: When using the `ipython kernel` entry point, Ctrl-C will not work.

To exit, you will have to explicitly quit this process, by either sending
"quit" from a client, or using Ctrl-\ in UNIX-like environments.

To read more about this, see https://github.com/ipython/ipython/issues/2049


To connect another client to this kernel, use:
    --existing kernel-2095.json
Pseudo-terminal will not be allocated because stdin is not a terminal.
Linux instance-1 4.9.0-6-amd64 #1 SMP Debian 4.9.88-1+deb9u1 (2018-05-07) x86_64

The programs included with the Debian GNU/Linux system are free software;
the exact distribution terms for each program are described in the
individual files in /usr/share/doc/*/copyright.

Debian GNU/Linux comes with ABSOLUTELY NO WARRANTY, to the extent
permitted by applicable law.
NOTE: When using the `ipython kernel` entry point, Ctrl-C will not work.

To exit, you will have to explicitly quit this process, by either sending
"quit" from a client, or using Ctrl-\ in UNIX-like environments.

To read more about this, see https://github.com/ipython/ipython/issues/2049


To connect another client to this kernel, use:
    --existing kernel-2186.json
Pseudo-terminal will not be allocated because stdin is not a terminal.
Linux instance-1 4.9.0-6-amd64 #1 SMP Debian 4.9.88-1+deb9u1 (2018-05-07) x86_64

The programs included with the Debian GNU/Linux system are free software;
the exact distribution terms for each program are described in the
individual files in /usr/share/doc/*/copyright.

Debian GNU/Linux comes with ABSOLUTELY NO WARRANTY, to the extent
permitted by applicable law.
NOTE: When using the `ipython kernel` entry point, Ctrl-C will not work.

To exit, you will have to explicitly quit this process, by either sending
"quit" from a client, or using Ctrl-\ in UNIX-like environments.

To read more about this, see https://github.com/ipython/ipython/issues/2049


To connect another client to this kernel, use:
    --existing kernel-2280.json
Pseudo-terminal will not be allocated because stdin is not a terminal.
Linux instance-1 4.9.0-6-amd64 #1 SMP Debian 4.9.88-1+deb9u1 (2018-05-07) x86_64

The programs included with the Debian GNU/Linux system are free software;
the exact distribution terms for each program are described in the
individual files in /usr/share/doc/*/copyright.

Debian GNU/Linux comes with ABSOLUTELY NO WARRANTY, to the extent
permitted by applicable law.
NOTE: When using the `ipython kernel` entry point, Ctrl-C will not work.

To exit, you will have to explicitly quit this process, by either sending
"quit" from a client, or using Ctrl-\ in UNIX-like environments.

To read more about this, see https://github.com/ipython/ipython/issues/2049


To connect another client to this kernel, use:
    --existing kernel-2370.json
Pseudo-terminal will not be allocated because stdin is not a terminal.
Linux instance-1 4.9.0-6-amd64 #1 SMP Debian 4.9.88-1+deb9u1 (2018-05-07) x86_64

The programs included with the Debian GNU/Linux system are free software;
the exact distribution terms for each program are described in the
individual files in /usr/share/doc/*/copyright.

Debian GNU/Linux comes with ABSOLUTELY NO WARRANTY, to the extent
permitted by applicable law.
NOTE: When using the `ipython kernel` entry point, Ctrl-C will not work.

To exit, you will have to explicitly quit this process, by either sending
"quit" from a client, or using Ctrl-\ in UNIX-like environments.

To read more about this, see https://github.com/ipython/ipython/issues/2049


To connect another client to this kernel, use:
    --existing kernel-2460.json
Pseudo-terminal will not be allocated because stdin is not a terminal.
Linux instance-1 4.9.0-6-amd64 #1 SMP Debian 4.9.88-1+deb9u1 (2018-05-07) x86_64

The programs included with the Debian GNU/Linux system are free software;
the exact distribution terms for each program are described in the
individual files in /usr/share/doc/*/copyright.

Debian GNU/Linux comes with ABSOLUTELY NO WARRANTY, to the extent
permitted by applicable law.
NOTE: When using the `ipython kernel` entry point, Ctrl-C will not work.

To exit, you will have to explicitly quit this process, by either sending
"quit" from a client, or using Ctrl-\ in UNIX-like environments.

To read more about this, see https://github.com/ipython/ipython/issues/2049


To connect another client to this kernel, use:
    --existing kernel-2555.json
Pseudo-terminal will not be allocated because stdin is not a terminal.
Linux instance-1 4.9.0-6-amd64 #1 SMP Debian 4.9.88-1+deb9u1 (2018-05-07) x86_64

The programs included with the Debian GNU/Linux system are free software;
the exact distribution terms for each program are described in the
individual files in /usr/share/doc/*/copyright.

Debian GNU/Linux comes with ABSOLUTELY NO WARRANTY, to the extent
permitted by applicable law.
NOTE: When using the `ipython kernel` entry point, Ctrl-C will not work.

To exit, you will have to explicitly quit this process, by either sending
"quit" from a client, or using Ctrl-\ in UNIX-like environments.

To read more about this, see https://github.com/ipython/ipython/issues/2049


To connect another client to this kernel, use:
    --existing kernel-2652.json
Pseudo-terminal will not be allocated because stdin is not a terminal.
Linux instance-1 4.9.0-6-amd64 #1 SMP Debian 4.9.88-1+deb9u1 (2018-05-07) x86_64

The programs included with the Debian GNU/Linux system are free software;
the exact distribution terms for each program are described in the
individual files in /usr/share/doc/*/copyright.

Debian GNU/Linux comes with ABSOLUTELY NO WARRANTY, to the extent
permitted by applicable law.
NOTE: When using the `ipython kernel` entry point, Ctrl-C will not work.

To exit, you will have to explicitly quit this process, by either sending
"quit" from a client, or using Ctrl-\ in UNIX-like environments.

To read more about this, see https://github.com/ipython/ipython/issues/2049


To connect another client to this kernel, use:
    --existing kernel-2754.json
Pseudo-terminal will not be allocated because stdin is not a terminal.
Linux instance-1 4.9.0-6-amd64 #1 SMP Debian 4.9.88-1+deb9u1 (2018-05-07) x86_64

The programs included with the Debian GNU/Linux system are free software;
the exact distribution terms for each program are described in the
individual files in /usr/share/doc/*/copyright.

Debian GNU/Linux comes with ABSOLUTELY NO WARRANTY, to the extent
permitted by applicable law.
NOTE: When using the `ipython kernel` entry point, Ctrl-C will not work.

To exit, you will have to explicitly quit this process, by either sending
"quit" from a client, or using Ctrl-\ in UNIX-like environments.

To read more about this, see https://github.com/ipython/ipython/issues/2049


To connect another client to this kernel, use:
    --existing kernel-2857.json
Pseudo-terminal will not be allocated because stdin is not a terminal.
Linux instance-1 4.9.0-6-amd64 #1 SMP Debian 4.9.88-1+deb9u1 (2018-05-07) x86_64

The programs included with the Debian GNU/Linux system are free software;
the exact distribution terms for each program are described in the
individual files in /usr/share/doc/*/copyright.

Debian GNU/Linux comes with ABSOLUTELY NO WARRANTY, to the extent
permitted by applicable law.
NOTE: When using the `ipython kernel` entry point, Ctrl-C will not work.

To exit, you will have to explicitly quit this process, by either sending
"quit" from a client, or using Ctrl-\ in UNIX-like environments.

To read more about this, see https://github.com/ipython/ipython/issues/2049


To connect another client to this kernel, use:
    --existing kernel-2954.json
Pseudo-terminal will not be allocated because stdin is not a terminal.
Linux instance-1 4.9.0-6-amd64 #1 SMP Debian 4.9.88-1+deb9u1 (2018-05-07) x86_64

The programs included with the Debian GNU/Linux system are free software;
the exact distribution terms for each program are described in the
individual files in /usr/share/doc/*/copyright.

Debian GNU/Linux comes with ABSOLUTELY NO WARRANTY, to the extent
permitted by applicable law.
NOTE: When using the `ipython kernel` entry point, Ctrl-C will not work.

To exit, you will have to explicitly quit this process, by either sending
"quit" from a client, or using Ctrl-\ in UNIX-like environments.

To read more about this, see https://github.com/ipython/ipython/issues/2049


To connect another client to this kernel, use:
    --existing kernel-3057.json
Pseudo-terminal will not be allocated because stdin is not a terminal.
Linux instance-1 4.9.0-6-amd64 #1 SMP Debian 4.9.88-1+deb9u1 (2018-05-07) x86_64

The programs included with the Debian GNU/Linux system are free software;
the exact distribution terms for each program are described in the
individual files in /usr/share/doc/*/copyright.

Debian GNU/Linux comes with ABSOLUTELY NO WARRANTY, to the extent
permitted by applicable law.
NOTE: When using the `ipython kernel` entry point, Ctrl-C will not work.

To exit, you will have to explicitly quit this process, by either sending
"quit" from a client, or using Ctrl-\ in UNIX-like environments.

To read more about this, see https://github.com/ipython/ipython/issues/2049


To connect another client to this kernel, use:
    --existing kernel-3162.json
Pseudo-terminal will not be allocated because stdin is not a terminal.
Linux instance-1 4.9.0-6-amd64 #1 SMP Debian 4.9.88-1+deb9u1 (2018-05-07) x86_64

The programs included with the Debian GNU/Linux system are free software;
the exact distribution terms for each program are described in the
individual files in /usr/share/doc/*/copyright.

Debian GNU/Linux comes with ABSOLUTELY NO WARRANTY, to the extent
permitted by applicable law.
NOTE: When using the `ipython kernel` entry point, Ctrl-C will not work.

To exit, you will have to explicitly quit this process, by either sending
"quit" from a client, or using Ctrl-\ in UNIX-like environments.

To read more about this, see https://github.com/ipython/ipython/issues/2049


To connect another client to this kernel, use:
    --existing kernel-3273.json
Pseudo-terminal will not be allocated because stdin is not a terminal.
Linux instance-1 4.9.0-6-amd64 #1 SMP Debian 4.9.88-1+deb9u1 (2018-05-07) x86_64

The programs included with the Debian GNU/Linux system are free software;
the exact distribution terms for each program are described in the
individual files in /usr/share/doc/*/copyright.

Debian GNU/Linux comes with ABSOLUTELY NO WARRANTY, to the extent
permitted by applicable law.
NOTE: When using the `ipython kernel` entry point, Ctrl-C will not work.

To exit, you will have to explicitly quit this process, by either sending
"quit" from a client, or using Ctrl-\ in UNIX-like environments.

To read more about this, see https://github.com/ipython/ipython/issues/2049


To connect another client to this kernel, use:
    --existing kernel-3383.json
Pseudo-terminal will not be allocated because stdin is not a terminal.
Linux instance-1 4.9.0-6-amd64 #1 SMP Debian 4.9.88-1+deb9u1 (2018-05-07) x86_64

The programs included with the Debian GNU/Linux system are free software;
the exact distribution terms for each program are described in the
individual files in /usr/share/doc/*/copyright.

Debian GNU/Linux comes with ABSOLUTELY NO WARRANTY, to the extent
permitted by applicable law.
NOTE: When using the `ipython kernel` entry point, Ctrl-C will not work.

To exit, you will have to explicitly quit this process, by either sending
"quit" from a client, or using Ctrl-\ in UNIX-like environments.

To read more about this, see https://github.com/ipython/ipython/issues/2049


To connect another client to this kernel, use:
    --existing kernel-3489.json
Pseudo-terminal will not be allocated because stdin is not a terminal.
Linux instance-1 4.9.0-6-amd64 #1 SMP Debian 4.9.88-1+deb9u1 (2018-05-07) x86_64

The programs included with the Debian GNU/Linux system are free software;
the exact distribution terms for each program are described in the
individual files in /usr/share/doc/*/copyright.

Debian GNU/Linux comes with ABSOLUTELY NO WARRANTY, to the extent
permitted by applicable law.
NOTE: When using the `ipython kernel` entry point, Ctrl-C will not work.

To exit, you will have to explicitly quit this process, by either sending
"quit" from a client, or using Ctrl-\ in UNIX-like environments.

To read more about this, see https://github.com/ipython/ipython/issues/2049


To connect another client to this kernel, use:
    --existing kernel-3601.json
Pseudo-terminal will not be allocated because stdin is not a terminal.
Linux instance-1 4.9.0-6-amd64 #1 SMP Debian 4.9.88-1+deb9u1 (2018-05-07) x86_64

The programs included with the Debian GNU/Linux system are free software;
the exact distribution terms for each program are described in the
individual files in /usr/share/doc/*/copyright.

Debian GNU/Linux comes with ABSOLUTELY NO WARRANTY, to the extent
permitted by applicable law.
NOTE: When using the `ipython kernel` entry point, Ctrl-C will not work.

To exit, you will have to explicitly quit this process, by either sending
"quit" from a client, or using Ctrl-\ in UNIX-like environments.

To read more about this, see https://github.com/ipython/ipython/issues/2049


To connect another client to this kernel, use:
    --existing kernel-3720.json
Pseudo-terminal will not be allocated because stdin is not a terminal.
Linux instance-1 4.9.0-6-amd64 #1 SMP Debian 4.9.88-1+deb9u1 (2018-05-07) x86_64

The programs included with the Debian GNU/Linux system are free software;
the exact distribution terms for each program are described in the
individual files in /usr/share/doc/*/copyright.

Debian GNU/Linux comes with ABSOLUTELY NO WARRANTY, to the extent
permitted by applicable law.
NOTE: When using the `ipython kernel` entry point, Ctrl-C will not work.

To exit, you will have to explicitly quit this process, by either sending
"quit" from a client, or using Ctrl-\ in UNIX-like environments.

To read more about this, see https://github.com/ipython/ipython/issues/2049


To connect another client to this kernel, use:
    --existing kernel-3833.json
Pseudo-terminal will not be allocated because stdin is not a terminal.
Linux instance-1 4.9.0-6-amd64 #1 SMP Debian 4.9.88-1+deb9u1 (2018-05-07) x86_64

The programs included with the Debian GNU/Linux system are free software;
the exact distribution terms for each program are described in the
individual files in /usr/share/doc/*/copyright.

Debian GNU/Linux comes with ABSOLUTELY NO WARRANTY, to the extent
permitted by applicable law.
NOTE: When using the `ipython kernel` entry point, Ctrl-C will not work.

To exit, you will have to explicitly quit this process, by either sending
"quit" from a client, or using Ctrl-\ in UNIX-like environments.

To read more about this, see https://github.com/ipython/ipython/issues/2049


To connect another client to this kernel, use:
    --existing kernel-3957.json
Pseudo-terminal will not be allocated because stdin is not a terminal.
Linux instance-1 4.9.0-6-amd64 #1 SMP Debian 4.9.88-1+deb9u1 (2018-05-07) x86_64

The programs included with the Debian GNU/Linux system are free software;
the exact distribution terms for each program are described in the
individual files in /usr/share/doc/*/copyright.

Debian GNU/Linux comes with ABSOLUTELY NO WARRANTY, to the extent
permitted by applicable law.
NOTE: When using the `ipython kernel` entry point, Ctrl-C will not work.

To exit, you will have to explicitly quit this process, by either sending
"quit" from a client, or using Ctrl-\ in UNIX-like environments.

To read more about this, see https://github.com/ipython/ipython/issues/2049


To connect another client to this kernel, use:
    --existing kernel-4077.json
Pseudo-terminal will not be allocated because stdin is not a terminal.
Linux instance-1 4.9.0-6-amd64 #1 SMP Debian 4.9.88-1+deb9u1 (2018-05-07) x86_64

The programs included with the Debian GNU/Linux system are free software;
the exact distribution terms for each program are described in the
individual files in /usr/share/doc/*/copyright.

Debian GNU/Linux comes with ABSOLUTELY NO WARRANTY, to the extent
permitted by applicable law.
NOTE: When using the `ipython kernel` entry point, Ctrl-C will not work.

To exit, you will have to explicitly quit this process, by either sending
"quit" from a client, or using Ctrl-\ in UNIX-like environments.

To read more about this, see https://github.com/ipython/ipython/issues/2049


To connect another client to this kernel, use:
    --existing kernel-4193.json
Pseudo-terminal will not be allocated because stdin is not a terminal.
Linux instance-1 4.9.0-6-amd64 #1 SMP Debian 4.9.88-1+deb9u1 (2018-05-07) x86_64

The programs included with the Debian GNU/Linux system are free software;
the exact distribution terms for each program are described in the
individual files in /usr/share/doc/*/copyright.

Debian GNU/Linux comes with ABSOLUTELY NO WARRANTY, to the extent
permitted by applicable law.
NOTE: When using the `ipython kernel` entry point, Ctrl-C will not work.

To exit, you will have to explicitly quit this process, by either sending
"quit" from a client, or using Ctrl-\ in UNIX-like environments.

To read more about this, see https://github.com/ipython/ipython/issues/2049


To connect another client to this kernel, use:
    --existing kernel-4321.json
Pseudo-terminal will not be allocated because stdin is not a terminal.
Linux instance-1 4.9.0-6-amd64 #1 SMP Debian 4.9.88-1+deb9u1 (2018-05-07) x86_64

The programs included with the Debian GNU/Linux system are free software;
the exact distribution terms for each program are described in the
individual files in /usr/share/doc/*/copyright.

Debian GNU/Linux comes with ABSOLUTELY NO WARRANTY, to the extent
permitted by applicable law.
WARNING: IPython GUI event loop requires ctypes, %gui will not be available
Traceback (most recent call last):
  File "/home/soumitra/anaconda3/bin/ipython", line 6, in <module>
    sys.exit(IPython.start_ipython())
  File "/home/soumitra/anaconda3/lib/python3.5/site-packages/IPython/__init__.py", line 119, in start_ipython
    return launch_new_instance(argv=argv, **kwargs)
  File "/home/soumitra/anaconda3/lib/python3.5/site-packages/traitlets/config/application.py", line 595, in launch_instance
    app.initialize(argv)
  File "<decorator-gen-111>", line 2, in initialize
  File "/home/soumitra/anaconda3/lib/python3.5/site-packages/traitlets/config/application.py", line 74, in catch_config_error
    return method(app, *args, **kwargs)
  File "/home/soumitra/anaconda3/lib/python3.5/site-packages/IPython/terminal/ipapp.py", line 297, in initialize
    super(TerminalIPythonApp, self).initialize(argv)
  File "<decorator-gen-7>", line 2, in initialize
  File "/home/soumitra/anaconda3/lib/python3.5/site-packages/traitlets/config/application.py", line 74, in catch_config_error
    return method(app, *args, **kwargs)
  File "/home/soumitra/anaconda3/lib/python3.5/site-packages/IPython/core/application.py", line 401, in initialize
    self.parse_command_line(argv)
  File "/home/soumitra/anaconda3/lib/python3.5/site-packages/IPython/terminal/ipapp.py", line 292, in parse_command_line
    return super(TerminalIPythonApp, self).parse_command_line(argv)
  File "<decorator-gen-4>", line 2, in parse_command_line
  File "/home/soumitra/anaconda3/lib/python3.5/site-packages/traitlets/config/application.py", line 74, in catch_config_error
    return method(app, *args, **kwargs)
  File "/home/soumitra/anaconda3/lib/python3.5/site-packages/traitlets/config/application.py", line 488, in parse_command_line
    return self.initialize_subcommand(subc, subargv)
  File "/home/soumitra/anaconda3/lib/python3.5/site-packages/IPython/core/application.py", line 211, in initialize_subcommand
    return super(BaseIPythonApplication, self).initialize_subcommand(subc, argv)
  File "<decorator-gen-3>", line 2, in initialize_subcommand
  File "/home/soumitra/anaconda3/lib/python3.5/site-packages/traitlets/config/application.py", line 74, in catch_config_error
    return method(app, *args, **kwargs)
  File "/home/soumitra/anaconda3/lib/python3.5/site-packages/traitlets/config/application.py", line 419, in initialize_subcommand
    subapp = import_item(subapp)
  File "/home/soumitra/anaconda3/lib/python3.5/site-packages/ipython_genutils/importstring.py", line 31, in import_item
    module = __import__(package, fromlist=[obj])
  File "/home/soumitra/anaconda3/lib/python3.5/site-packages/ipykernel/__init__.py", line 2, in <module>
    from .connect import *
  File "/home/soumitra/anaconda3/lib/python3.5/site-packages/ipykernel/connect.py", line 18, in <module>
    import jupyter_client
  File "/home/soumitra/anaconda3/lib/python3.5/site-packages/jupyter_client/__init__.py", line 4, in <module>
    from .connect import *
  File "/home/soumitra/anaconda3/lib/python3.5/site-packages/jupyter_client/connect.py", line 22, in <module>
    import zmq
  File "/home/soumitra/anaconda3/lib/python3.5/site-packages/zmq/__init__.py", line 66, in <module>
    from zmq import backend
  File "/home/soumitra/anaconda3/lib/python3.5/site-packages/zmq/backend/__init__.py", line 40, in <module>
    reraise(*exc_info)
  File "/home/soumitra/anaconda3/lib/python3.5/site-packages/zmq/utils/sixcerpt.py", line 34, in reraise
    raise value
  File "/home/soumitra/anaconda3/lib/python3.5/site-packages/zmq/backend/__init__.py", line 27, in <module>
    _ns = select_backend(first)
  File "/home/soumitra/anaconda3/lib/python3.5/site-packages/zmq/backend/select.py", line 27, in select_backend
    mod = __import__(name, fromlist=public_api)
  File "/home/soumitra/anaconda3/lib/python3.5/site-packages/zmq/backend/cython/__init__.py", line 6, in <module>
    from . import (constants, error, message, context,
ImportError: /home/soumitra/anaconda3/lib/python3.5/site-packages/zmq/backend/cython/constants.cpython-35m-x86_64-linux-gnu.so: failed to map segment from shared object
Pseudo-terminal will not be allocated because stdin is not a terminal.
Linux instance-1 4.9.0-6-amd64 #1 SMP Debian 4.9.88-1+deb9u1 (2018-05-07) x86_64

The programs included with the Debian GNU/Linux system are free software;
the exact distribution terms for each program are described in the
individual files in /usr/share/doc/*/copyright.

Debian GNU/Linux comes with ABSOLUTELY NO WARRANTY, to the extent
permitted by applicable law.
Traceback (most recent call last):
  File "/home/soumitra/anaconda3/bin/ipython", line 4, in <module>
    import IPython
  File "/home/soumitra/anaconda3/lib/python3.5/site-packages/IPython/__init__.py", line 49, in <module>
    from .terminal.embed import embed
  File "/home/soumitra/anaconda3/lib/python3.5/site-packages/IPython/terminal/embed.py", line 16, in <module>
    from IPython.core.interactiveshell import DummyMod
  File "/home/soumitra/anaconda3/lib/python3.5/site-packages/IPython/core/interactiveshell.py", line 58, in <module>
    from IPython.core.prompts import PromptManager
  File "/home/soumitra/anaconda3/lib/python3.5/site-packages/IPython/core/prompts.py", line 25, in <module>
    import socket
  File "/home/soumitra/anaconda3/lib/python3.5/socket.py", line 49, in <module>
    import _socket
ImportError: /home/soumitra/anaconda3/lib/python3.5/lib-dynload/_socket.cpython-35m-x86_64-linux-gnu.so: failed to map segment from shared object
Pseudo-terminal will not be allocated because stdin is not a terminal.
Linux instance-1 4.9.0-6-amd64 #1 SMP Debian 4.9.88-1+deb9u1 (2018-05-07) x86_64

The programs included with the Debian GNU/Linux system are free software;
the exact distribution terms for each program are described in the
individual files in /usr/share/doc/*/copyright.

Debian GNU/Linux comes with ABSOLUTELY NO WARRANTY, to the extent
permitted by applicable law.
Traceback (most recent call last):
  File "/home/soumitra/anaconda3/bin/ipython", line 4, in <module>
    import IPython
  File "/home/soumitra/anaconda3/lib/python3.5/site-packages/IPython/__init__.py", line 49, in <module>
    from .terminal.embed import embed
  File "/home/soumitra/anaconda3/lib/python3.5/site-packages/IPython/terminal/embed.py", line 19, in <module>
    from IPython.terminal.ipapp import load_default_config
  File "/home/soumitra/anaconda3/lib/python3.5/site-packages/IPython/terminal/ipapp.py", line 31, in <module>
    from IPython.core.shellapp import (
  File "/home/soumitra/anaconda3/lib/python3.5/site-packages/IPython/core/shellapp.py", line 27, in <module>
    from IPython.lib.inputhook import guis
  File "/home/soumitra/anaconda3/lib/python3.5/site-packages/IPython/lib/inputhook.py", line 10, in <module>
    import ctypes
  File "/home/soumitra/anaconda3/lib/python3.5/ctypes/__init__.py", line 541, in <module>
    _reset_cache()
  File "/home/soumitra/anaconda3/lib/python3.5/ctypes/__init__.py", line 276, in _reset_cache
    CFUNCTYPE(c_int)(lambda: None)
MemoryError
Pseudo-terminal will not be allocated because stdin is not a terminal.
Linux instance-1 4.9.0-6-amd64 #1 SMP Debian 4.9.88-1+deb9u1 (2018-05-07) x86_64

The programs included with the Debian GNU/Linux system are free software;
the exact distribution terms for each program are described in the
individual files in /usr/share/doc/*/copyright.

Debian GNU/Linux comes with ABSOLUTELY NO WARRANTY, to the extent
permitted by applicable law.
Traceback (most recent call last):
  File "/home/soumitra/anaconda3/bin/ipython", line 4, in <module>
    import IPython
  File "/home/soumitra/anaconda3/lib/python3.5/site-packages/IPython/__init__.py", line 49, in <module>
    from .terminal.embed import embed
  File "/home/soumitra/anaconda3/lib/python3.5/site-packages/IPython/terminal/embed.py", line 19, in <module>
    from IPython.terminal.ipapp import load_default_config
  File "/home/soumitra/anaconda3/lib/python3.5/site-packages/IPython/terminal/ipapp.py", line 22, in <module>
    from IPython.core.completer import IPCompleter
  File "/home/soumitra/anaconda3/lib/python3.5/site-packages/IPython/core/completer.py", line 64, in <module>
    import unicodedata
ImportError: /home/soumitra/anaconda3/lib/python3.5/lib-dynload/unicodedata.cpython-35m-x86_64-linux-gnu.so: failed to map segment from shared object
Pseudo-terminal will not be allocated because stdin is not a terminal.
Linux instance-1 4.9.0-6-amd64 #1 SMP Debian 4.9.88-1+deb9u1 (2018-05-07) x86_64

The programs included with the Debian GNU/Linux system are free software;
the exact distribution terms for each program are described in the
individual files in /usr/share/doc/*/copyright.

Debian GNU/Linux comes with ABSOLUTELY NO WARRANTY, to the extent
permitted by applicable law.
Traceback (most recent call last):
  File "/home/soumitra/anaconda3/bin/ipython", line 4, in <module>
    import IPython
  File "/home/soumitra/anaconda3/lib/python3.5/site-packages/IPython/__init__.py", line 49, in <module>
    from .terminal.embed import embed
  File "/home/soumitra/anaconda3/lib/python3.5/site-packages/IPython/terminal/embed.py", line 19, in <module>
    from IPython.terminal.ipapp import load_default_config
  File "/home/soumitra/anaconda3/lib/python3.5/site-packages/IPython/terminal/ipapp.py", line 22, in <module>
    from IPython.core.completer import IPCompleter
  File "/home/soumitra/anaconda3/lib/python3.5/site-packages/IPython/core/completer.py", line 64, in <module>
    import unicodedata
ImportError: /home/soumitra/anaconda3/lib/python3.5/lib-dynload/unicodedata.cpython-35m-x86_64-linux-gnu.so: failed to map segment from shared object
Pseudo-terminal will not be allocated because stdin is not a terminal.
Linux instance-1 4.9.0-6-amd64 #1 SMP Debian 4.9.88-1+deb9u1 (2018-05-07) x86_64

The programs included with the Debian GNU/Linux system are free software;
the exact distribution terms for each program are described in the
individual files in /usr/share/doc/*/copyright.

Debian GNU/Linux comes with ABSOLUTELY NO WARRANTY, to the extent
permitted by applicable law.
Traceback (most recent call last):
  File "/home/soumitra/anaconda3/bin/ipython", line 4, in <module>
    import IPython
  File "/home/soumitra/anaconda3/lib/python3.5/site-packages/IPython/__init__.py", line 49, in <module>
    from .terminal.embed import embed
  File "/home/soumitra/anaconda3/lib/python3.5/site-packages/IPython/terminal/embed.py", line 19, in <module>
    from IPython.terminal.ipapp import load_default_config
  File "/home/soumitra/anaconda3/lib/python3.5/site-packages/IPython/terminal/ipapp.py", line 22, in <module>
    from IPython.core.completer import IPCompleter
  File "/home/soumitra/anaconda3/lib/python3.5/site-packages/IPython/core/completer.py", line 64, in <module>
    import unicodedata
ImportError: /home/soumitra/anaconda3/lib/python3.5/lib-dynload/unicodedata.cpython-35m-x86_64-linux-gnu.so: failed to map segment from shared object
Pseudo-terminal will not be allocated because stdin is not a terminal.
Linux instance-1 4.9.0-6-amd64 #1 SMP Debian 4.9.88-1+deb9u1 (2018-05-07) x86_64

The programs included with the Debian GNU/Linux system are free software;
the exact distribution terms for each program are described in the
individual files in /usr/share/doc/*/copyright.

Debian GNU/Linux comes with ABSOLUTELY NO WARRANTY, to the extent
permitted by applicable law.
Traceback (most recent call last):
  File "/home/soumitra/anaconda3/bin/ipython", line 4, in <module>
    import IPython
  File "/home/soumitra/anaconda3/lib/python3.5/site-packages/IPython/__init__.py", line 49, in <module>
    from .terminal.embed import embed
  File "/home/soumitra/anaconda3/lib/python3.5/site-packages/IPython/terminal/embed.py", line 16, in <module>
    from IPython.core.interactiveshell import DummyMod
  File "/home/soumitra/anaconda3/lib/python3.5/site-packages/IPython/core/interactiveshell.py", line 58, in <module>
    from IPython.core.prompts import PromptManager
  File "/home/soumitra/anaconda3/lib/python3.5/site-packages/IPython/core/prompts.py", line 25, in <module>
    import socket
  File "/home/soumitra/anaconda3/lib/python3.5/socket.py", line 49, in <module>
    import _socket
ImportError: /home/soumitra/anaconda3/lib/python3.5/lib-dynload/_socket.cpython-35m-x86_64-linux-gnu.so: failed to map segment from shared object
Pseudo-terminal will not be allocated because stdin is not a terminal.
Linux instance-1 4.9.0-6-amd64 #1 SMP Debian 4.9.88-1+deb9u1 (2018-05-07) x86_64

The programs included with the Debian GNU/Linux system are free software;
the exact distribution terms for each program are described in the
individual files in /usr/share/doc/*/copyright.

Debian GNU/Linux comes with ABSOLUTELY NO WARRANTY, to the extent
permitted by applicable law.
WARNING: IPython GUI event loop requires ctypes, %gui will not be available
Traceback (most recent call last):
  File "/home/soumitra/anaconda3/bin/ipython", line 6, in <module>
    sys.exit(IPython.start_ipython())
  File "/home/soumitra/anaconda3/lib/python3.5/site-packages/IPython/__init__.py", line 119, in start_ipython
    return launch_new_instance(argv=argv, **kwargs)
  File "/home/soumitra/anaconda3/lib/python3.5/site-packages/traitlets/config/application.py", line 595, in launch_instance
    app.initialize(argv)
  File "<decorator-gen-111>", line 2, in initialize
  File "/home/soumitra/anaconda3/lib/python3.5/site-packages/traitlets/config/application.py", line 74, in catch_config_error
    return method(app, *args, **kwargs)
  File "/home/soumitra/anaconda3/lib/python3.5/site-packages/IPython/terminal/ipapp.py", line 297, in initialize
    super(TerminalIPythonApp, self).initialize(argv)
  File "<decorator-gen-7>", line 2, in initialize
  File "/home/soumitra/anaconda3/lib/python3.5/site-packages/traitlets/config/application.py", line 74, in catch_config_error
    return method(app, *args, **kwargs)
  File "/home/soumitra/anaconda3/lib/python3.5/site-packages/IPython/core/application.py", line 401, in initialize
    self.parse_command_line(argv)
  File "/home/soumitra/anaconda3/lib/python3.5/site-packages/IPython/terminal/ipapp.py", line 292, in parse_command_line
    return super(TerminalIPythonApp, self).parse_command_line(argv)
  File "<decorator-gen-4>", line 2, in parse_command_line
  File "/home/soumitra/anaconda3/lib/python3.5/site-packages/traitlets/config/application.py", line 74, in catch_config_error
    return method(app, *args, **kwargs)
  File "/home/soumitra/anaconda3/lib/python3.5/site-packages/traitlets/config/application.py", line 488, in parse_command_line
    return self.initialize_subcommand(subc, subargv)
  File "/home/soumitra/anaconda3/lib/python3.5/site-packages/IPython/core/application.py", line 211, in initialize_subcommand
    return super(BaseIPythonApplication, self).initialize_subcommand(subc, argv)
  File "<decorator-gen-3>", line 2, in initialize_subcommand
  File "/home/soumitra/anaconda3/lib/python3.5/site-packages/traitlets/config/application.py", line 74, in catch_config_error
    return method(app, *args, **kwargs)
  File "/home/soumitra/anaconda3/lib/python3.5/site-packages/traitlets/config/application.py", line 419, in initialize_subcommand
    subapp = import_item(subapp)
  File "/home/soumitra/anaconda3/lib/python3.5/site-packages/ipython_genutils/importstring.py", line 31, in import_item
    module = __import__(package, fromlist=[obj])
  File "/home/soumitra/anaconda3/lib/python3.5/site-packages/ipykernel/__init__.py", line 2, in <module>
    from .connect import *
  File "/home/soumitra/anaconda3/lib/python3.5/site-packages/ipykernel/connect.py", line 18, in <module>
    import jupyter_client
  File "/home/soumitra/anaconda3/lib/python3.5/site-packages/jupyter_client/__init__.py", line 4, in <module>
    from .connect import *
  File "/home/soumitra/anaconda3/lib/python3.5/site-packages/jupyter_client/connect.py", line 22, in <module>
    import zmq
  File "/home/soumitra/anaconda3/lib/python3.5/site-packages/zmq/__init__.py", line 66, in <module>
    from zmq import backend
  File "/home/soumitra/anaconda3/lib/python3.5/site-packages/zmq/backend/__init__.py", line 40, in <module>
    reraise(*exc_info)
  File "/home/soumitra/anaconda3/lib/python3.5/site-packages/zmq/utils/sixcerpt.py", line 34, in reraise
    raise value
  File "/home/soumitra/anaconda3/lib/python3.5/site-packages/zmq/backend/__init__.py", line 27, in <module>
    _ns = select_backend(first)
  File "/home/soumitra/anaconda3/lib/python3.5/site-packages/zmq/backend/select.py", line 27, in select_backend
    mod = __import__(name, fromlist=public_api)
  File "/home/soumitra/anaconda3/lib/python3.5/site-packages/zmq/backend/cython/__init__.py", line 6, in <module>
    from . import (constants, error, message, context,
ImportError: /home/soumitra/anaconda3/lib/python3.5/site-packages/zmq/backend/cython/constants.cpython-35m-x86_64-linux-gnu.so: failed to map segment from shared object
Pseudo-terminal will not be allocated because stdin is not a terminal.
Linux instance-1 4.9.0-6-amd64 #1 SMP Debian 4.9.88-1+deb9u1 (2018-05-07) x86_64

The programs included with the Debian GNU/Linux system are free software;
the exact distribution terms for each program are described in the
individual files in /usr/share/doc/*/copyright.

Debian GNU/Linux comes with ABSOLUTELY NO WARRANTY, to the extent
permitted by applicable law.
Traceback (most recent call last):
  File "/home/soumitra/anaconda3/bin/ipython", line 4, in <module>
    import IPython
  File "/home/soumitra/anaconda3/lib/python3.5/site-packages/IPython/__init__.py", line 49, in <module>
    from .terminal.embed import embed
  File "/home/soumitra/anaconda3/lib/python3.5/site-packages/IPython/terminal/embed.py", line 16, in <module>
    from IPython.core.interactiveshell import DummyMod
  File "/home/soumitra/anaconda3/lib/python3.5/site-packages/IPython/core/interactiveshell.py", line 58, in <module>
    from IPython.core.prompts import PromptManager
  File "/home/soumitra/anaconda3/lib/python3.5/site-packages/IPython/core/prompts.py", line 25, in <module>
    import socket
  File "/home/soumitra/anaconda3/lib/python3.5/socket.py", line 49, in <module>
    import _socket
ImportError: /home/soumitra/anaconda3/lib/python3.5/lib-dynload/_socket.cpython-35m-x86_64-linux-gnu.so: failed to map segment from shared object
Pseudo-terminal will not be allocated because stdin is not a terminal.
Linux instance-1 4.9.0-6-amd64 #1 SMP Debian 4.9.88-1+deb9u1 (2018-05-07) x86_64

The programs included with the Debian GNU/Linux system are free software;
the exact distribution terms for each program are described in the
individual files in /usr/share/doc/*/copyright.

Debian GNU/Linux comes with ABSOLUTELY NO WARRANTY, to the extent
permitted by applicable law.
WARNING: IPython GUI event loop requires ctypes, %gui will not be available
Traceback (most recent call last):
  File "/home/soumitra/anaconda3/bin/ipython", line 6, in <module>
    sys.exit(IPython.start_ipython())
  File "/home/soumitra/anaconda3/lib/python3.5/site-packages/IPython/__init__.py", line 119, in start_ipython
    return launch_new_instance(argv=argv, **kwargs)
  File "/home/soumitra/anaconda3/lib/python3.5/site-packages/traitlets/config/application.py", line 595, in launch_instance
    app.initialize(argv)
  File "<decorator-gen-111>", line 2, in initialize
  File "/home/soumitra/anaconda3/lib/python3.5/site-packages/traitlets/config/application.py", line 74, in catch_config_error
    return method(app, *args, **kwargs)
  File "/home/soumitra/anaconda3/lib/python3.5/site-packages/IPython/terminal/ipapp.py", line 297, in initialize
    super(TerminalIPythonApp, self).initialize(argv)
  File "<decorator-gen-7>", line 2, in initialize
  File "/home/soumitra/anaconda3/lib/python3.5/site-packages/traitlets/config/application.py", line 74, in catch_config_error
    return method(app, *args, **kwargs)
  File "/home/soumitra/anaconda3/lib/python3.5/site-packages/IPython/core/application.py", line 401, in initialize
    self.parse_command_line(argv)
  File "/home/soumitra/anaconda3/lib/python3.5/site-packages/IPython/terminal/ipapp.py", line 292, in parse_command_line
    return super(TerminalIPythonApp, self).parse_command_line(argv)
  File "<decorator-gen-4>", line 2, in parse_command_line
  File "/home/soumitra/anaconda3/lib/python3.5/site-packages/traitlets/config/application.py", line 74, in catch_config_error
    return method(app, *args, **kwargs)
  File "/home/soumitra/anaconda3/lib/python3.5/site-packages/traitlets/config/application.py", line 488, in parse_command_line
    return self.initialize_subcommand(subc, subargv)
  File "/home/soumitra/anaconda3/lib/python3.5/site-packages/IPython/core/application.py", line 211, in initialize_subcommand
    return super(BaseIPythonApplication, self).initialize_subcommand(subc, argv)
  File "<decorator-gen-3>", line 2, in initialize_subcommand
  File "/home/soumitra/anaconda3/lib/python3.5/site-packages/traitlets/config/application.py", line 74, in catch_config_error
    return method(app, *args, **kwargs)
  File "/home/soumitra/anaconda3/lib/python3.5/site-packages/traitlets/config/application.py", line 419, in initialize_subcommand
    subapp = import_item(subapp)
  File "/home/soumitra/anaconda3/lib/python3.5/site-packages/ipython_genutils/importstring.py", line 31, in import_item
    module = __import__(package, fromlist=[obj])
  File "/home/soumitra/anaconda3/lib/python3.5/site-packages/ipykernel/__init__.py", line 2, in <module>
    from .connect import *
  File "/home/soumitra/anaconda3/lib/python3.5/site-packages/ipykernel/connect.py", line 18, in <module>
    import jupyter_client
  File "/home/soumitra/anaconda3/lib/python3.5/site-packages/jupyter_client/__init__.py", line 4, in <module>
    from .connect import *
  File "/home/soumitra/anaconda3/lib/python3.5/site-packages/jupyter_client/connect.py", line 22, in <module>
    import zmq
  File "/home/soumitra/anaconda3/lib/python3.5/site-packages/zmq/__init__.py", line 66, in <module>
    from zmq import backend
  File "/home/soumitra/anaconda3/lib/python3.5/site-packages/zmq/backend/__init__.py", line 40, in <module>
    reraise(*exc_info)
  File "/home/soumitra/anaconda3/lib/python3.5/site-packages/zmq/utils/sixcerpt.py", line 34, in reraise
    raise value
  File "/home/soumitra/anaconda3/lib/python3.5/site-packages/zmq/backend/__init__.py", line 27, in <module>
    _ns = select_backend(first)
  File "/home/soumitra/anaconda3/lib/python3.5/site-packages/zmq/backend/select.py", line 27, in select_backend
    mod = __import__(name, fromlist=public_api)
  File "/home/soumitra/anaconda3/lib/python3.5/site-packages/zmq/backend/cython/__init__.py", line 6, in <module>
    from . import (constants, error, message, context,
ImportError: /home/soumitra/anaconda3/lib/python3.5/site-packages/zmq/backend/cython/constants.cpython-35m-x86_64-linux-gnu.so: failed to map segment from shared object
Pseudo-terminal will not be allocated because stdin is not a terminal.
Linux instance-1 4.9.0-6-amd64 #1 SMP Debian 4.9.88-1+deb9u1 (2018-05-07) x86_64

The programs included with the Debian GNU/Linux system are free software;
the exact distribution terms for each program are described in the
individual files in /usr/share/doc/*/copyright.

Debian GNU/Linux comes with ABSOLUTELY NO WARRANTY, to the extent
permitted by applicable law.
Traceback (most recent call last):
  File "/home/soumitra/anaconda3/bin/ipython", line 4, in <module>
    import IPython
  File "/home/soumitra/anaconda3/lib/python3.5/site-packages/IPython/__init__.py", line 49, in <module>
    from .terminal.embed import embed
  File "/home/soumitra/anaconda3/lib/python3.5/site-packages/IPython/terminal/embed.py", line 19, in <module>
    from IPython.terminal.ipapp import load_default_config
  File "/home/soumitra/anaconda3/lib/python3.5/site-packages/IPython/terminal/ipapp.py", line 22, in <module>
    from IPython.core.completer import IPCompleter
  File "/home/soumitra/anaconda3/lib/python3.5/site-packages/IPython/core/completer.py", line 64, in <module>
    import unicodedata
ImportError: /home/soumitra/anaconda3/lib/python3.5/lib-dynload/unicodedata.cpython-35m-x86_64-linux-gnu.so: failed to map segment from shared object
Pseudo-terminal will not be allocated because stdin is not a terminal.
Linux instance-1 4.9.0-6-amd64 #1 SMP Debian 4.9.88-1+deb9u1 (2018-05-07) x86_64

The programs included with the Debian GNU/Linux system are free software;
the exact distribution terms for each program are described in the
individual files in /usr/share/doc/*/copyright.

Debian GNU/Linux comes with ABSOLUTELY NO WARRANTY, to the extent
permitted by applicable law.
Traceback (most recent call last):
  File "/home/soumitra/anaconda3/bin/ipython", line 4, in <module>
    import IPython
  File "/home/soumitra/anaconda3/lib/python3.5/site-packages/IPython/__init__.py", line 49, in <module>
    from .terminal.embed import embed
  File "/home/soumitra/anaconda3/lib/python3.5/site-packages/IPython/terminal/embed.py", line 19, in <module>
    from IPython.terminal.ipapp import load_default_config
  File "/home/soumitra/anaconda3/lib/python3.5/site-packages/IPython/terminal/ipapp.py", line 22, in <module>
    from IPython.core.completer import IPCompleter
  File "/home/soumitra/anaconda3/lib/python3.5/site-packages/IPython/core/completer.py", line 64, in <module>
    import unicodedata
ImportError: /home/soumitra/anaconda3/lib/python3.5/lib-dynload/unicodedata.cpython-35m-x86_64-linux-gnu.so: failed to map segment from shared object
Pseudo-terminal will not be allocated because stdin is not a terminal.
Linux instance-1 4.9.0-6-amd64 #1 SMP Debian 4.9.88-1+deb9u1 (2018-05-07) x86_64

The programs included with the Debian GNU/Linux system are free software;
the exact distribution terms for each program are described in the
individual files in /usr/share/doc/*/copyright.

Debian GNU/Linux comes with ABSOLUTELY NO WARRANTY, to the extent
permitted by applicable law.
WARNING: IPython GUI event loop requires ctypes, %gui will not be available
Traceback (most recent call last):
  File "/home/soumitra/anaconda3/bin/ipython", line 6, in <module>
    sys.exit(IPython.start_ipython())
  File "/home/soumitra/anaconda3/lib/python3.5/site-packages/IPython/__init__.py", line 119, in start_ipython
    return launch_new_instance(argv=argv, **kwargs)
  File "/home/soumitra/anaconda3/lib/python3.5/site-packages/traitlets/config/application.py", line 595, in launch_instance
    app.initialize(argv)
  File "<decorator-gen-111>", line 2, in initialize
  File "/home/soumitra/anaconda3/lib/python3.5/site-packages/traitlets/config/application.py", line 74, in catch_config_error
    return method(app, *args, **kwargs)
  File "/home/soumitra/anaconda3/lib/python3.5/site-packages/IPython/terminal/ipapp.py", line 297, in initialize
    super(TerminalIPythonApp, self).initialize(argv)
  File "<decorator-gen-7>", line 2, in initialize
  File "/home/soumitra/anaconda3/lib/python3.5/site-packages/traitlets/config/application.py", line 74, in catch_config_error
    return method(app, *args, **kwargs)
  File "/home/soumitra/anaconda3/lib/python3.5/site-packages/IPython/core/application.py", line 401, in initialize
    self.parse_command_line(argv)
  File "/home/soumitra/anaconda3/lib/python3.5/site-packages/IPython/terminal/ipapp.py", line 292, in parse_command_line
    return super(TerminalIPythonApp, self).parse_command_line(argv)
  File "<decorator-gen-4>", line 2, in parse_command_line
  File "/home/soumitra/anaconda3/lib/python3.5/site-packages/traitlets/config/application.py", line 74, in catch_config_error
    return method(app, *args, **kwargs)
  File "/home/soumitra/anaconda3/lib/python3.5/site-packages/traitlets/config/application.py", line 488, in parse_command_line
    return self.initialize_subcommand(subc, subargv)
  File "/home/soumitra/anaconda3/lib/python3.5/site-packages/IPython/core/application.py", line 211, in initialize_subcommand
    return super(BaseIPythonApplication, self).initialize_subcommand(subc, argv)
  File "<decorator-gen-3>", line 2, in initialize_subcommand
  File "/home/soumitra/anaconda3/lib/python3.5/site-packages/traitlets/config/application.py", line 74, in catch_config_error
    return method(app, *args, **kwargs)
  File "/home/soumitra/anaconda3/lib/python3.5/site-packages/traitlets/config/application.py", line 419, in initialize_subcommand
    subapp = import_item(subapp)
  File "/home/soumitra/anaconda3/lib/python3.5/site-packages/ipython_genutils/importstring.py", line 31, in import_item
    module = __import__(package, fromlist=[obj])
  File "/home/soumitra/anaconda3/lib/python3.5/site-packages/ipykernel/__init__.py", line 2, in <module>
    from .connect import *
  File "/home/soumitra/anaconda3/lib/python3.5/site-packages/ipykernel/connect.py", line 18, in <module>
    import jupyter_client
  File "/home/soumitra/anaconda3/lib/python3.5/site-packages/jupyter_client/__init__.py", line 4, in <module>
    from .connect import *
  File "/home/soumitra/anaconda3/lib/python3.5/site-packages/jupyter_client/connect.py", line 22, in <module>
    import zmq
  File "/home/soumitra/anaconda3/lib/python3.5/site-packages/zmq/__init__.py", line 66, in <module>
    from zmq import backend
  File "/home/soumitra/anaconda3/lib/python3.5/site-packages/zmq/backend/__init__.py", line 40, in <module>
    reraise(*exc_info)
  File "/home/soumitra/anaconda3/lib/python3.5/site-packages/zmq/utils/sixcerpt.py", line 34, in reraise
    raise value
  File "/home/soumitra/anaconda3/lib/python3.5/site-packages/zmq/backend/__init__.py", line 27, in <module>
    _ns = select_backend(first)
  File "/home/soumitra/anaconda3/lib/python3.5/site-packages/zmq/backend/select.py", line 27, in select_backend
    mod = __import__(name, fromlist=public_api)
  File "/home/soumitra/anaconda3/lib/python3.5/site-packages/zmq/backend/cython/__init__.py", line 6, in <module>
    from . import (constants, error, message, context,
ImportError: /home/soumitra/anaconda3/lib/python3.5/site-packages/zmq/backend/cython/constants.cpython-35m-x86_64-linux-gnu.so: failed to map segment from shared object
Pseudo-terminal will not be allocated because stdin is not a terminal.
Linux instance-1 4.9.0-6-amd64 #1 SMP Debian 4.9.88-1+deb9u1 (2018-05-07) x86_64

The programs included with the Debian GNU/Linux system are free software;
the exact distribution terms for each program are described in the
individual files in /usr/share/doc/*/copyright.

Debian GNU/Linux comes with ABSOLUTELY NO WARRANTY, to the extent
permitted by applicable law.
Traceback (most recent call last):
  File "/home/soumitra/anaconda3/bin/ipython", line 4, in <module>
    import IPython
  File "/home/soumitra/anaconda3/lib/python3.5/site-packages/IPython/__init__.py", line 49, in <module>
    from .terminal.embed import embed
  File "/home/soumitra/anaconda3/lib/python3.5/site-packages/IPython/terminal/embed.py", line 16, in <module>
    from IPython.core.interactiveshell import DummyMod
  File "/home/soumitra/anaconda3/lib/python3.5/site-packages/IPython/core/interactiveshell.py", line 58, in <module>
    from IPython.core.prompts import PromptManager
  File "/home/soumitra/anaconda3/lib/python3.5/site-packages/IPython/core/prompts.py", line 25, in <module>
    import socket
  File "/home/soumitra/anaconda3/lib/python3.5/socket.py", line 49, in <module>
    import _socket
ImportError: /home/soumitra/anaconda3/lib/python3.5/lib-dynload/_socket.cpython-35m-x86_64-linux-gnu.so: failed to map segment from shared object
Pseudo-terminal will not be allocated because stdin is not a terminal.
Linux instance-1 4.9.0-6-amd64 #1 SMP Debian 4.9.88-1+deb9u1 (2018-05-07) x86_64

The programs included with the Debian GNU/Linux system are free software;
the exact distribution terms for each program are described in the
individual files in /usr/share/doc/*/copyright.

Debian GNU/Linux comes with ABSOLUTELY NO WARRANTY, to the extent
permitted by applicable law.
Traceback (most recent call last):
  File "/home/soumitra/anaconda3/bin/ipython", line 6, in <module>
    sys.exit(IPython.start_ipython())
  File "/home/soumitra/anaconda3/lib/python3.5/site-packages/IPython/__init__.py", line 119, in start_ipython
    return launch_new_instance(argv=argv, **kwargs)
  File "/home/soumitra/anaconda3/lib/python3.5/site-packages/traitlets/config/application.py", line 595, in launch_instance
    app.initialize(argv)
  File "<decorator-gen-111>", line 2, in initialize
  File "/home/soumitra/anaconda3/lib/python3.5/site-packages/traitlets/config/application.py", line 74, in catch_config_error
    return method(app, *args, **kwargs)
  File "/home/soumitra/anaconda3/lib/python3.5/site-packages/IPython/terminal/ipapp.py", line 297, in initialize
    super(TerminalIPythonApp, self).initialize(argv)
  File "<decorator-gen-7>", line 2, in initialize
  File "/home/soumitra/anaconda3/lib/python3.5/site-packages/traitlets/config/application.py", line 74, in catch_config_error
    return method(app, *args, **kwargs)
  File "/home/soumitra/anaconda3/lib/python3.5/site-packages/IPython/core/application.py", line 401, in initialize
    self.parse_command_line(argv)
  File "/home/soumitra/anaconda3/lib/python3.5/site-packages/IPython/terminal/ipapp.py", line 292, in parse_command_line
    return super(TerminalIPythonApp, self).parse_command_line(argv)
  File "<decorator-gen-4>", line 2, in parse_command_line
  File "/home/soumitra/anaconda3/lib/python3.5/site-packages/traitlets/config/application.py", line 74, in catch_config_error
    return method(app, *args, **kwargs)
  File "/home/soumitra/anaconda3/lib/python3.5/site-packages/traitlets/config/application.py", line 488, in parse_command_line
    return self.initialize_subcommand(subc, subargv)
  File "/home/soumitra/anaconda3/lib/python3.5/site-packages/IPython/core/application.py", line 211, in initialize_subcommand
    return super(BaseIPythonApplication, self).initialize_subcommand(subc, argv)
  File "<decorator-gen-3>", line 2, in initialize_subcommand
  File "/home/soumitra/anaconda3/lib/python3.5/site-packages/traitlets/config/application.py", line 74, in catch_config_error
    return method(app, *args, **kwargs)
  File "/home/soumitra/anaconda3/lib/python3.5/site-packages/traitlets/config/application.py", line 419, in initialize_subcommand
    subapp = import_item(subapp)
  File "/home/soumitra/anaconda3/lib/python3.5/site-packages/ipython_genutils/importstring.py", line 31, in import_item
    module = __import__(package, fromlist=[obj])
  File "/home/soumitra/anaconda3/lib/python3.5/site-packages/ipykernel/__init__.py", line 2, in <module>
    from .connect import *
  File "/home/soumitra/anaconda3/lib/python3.5/site-packages/ipykernel/connect.py", line 18, in <module>
    import jupyter_client
  File "/home/soumitra/anaconda3/lib/python3.5/site-packages/jupyter_client/__init__.py", line 4, in <module>
    from .connect import *
  File "/home/soumitra/anaconda3/lib/python3.5/site-packages/jupyter_client/connect.py", line 22, in <module>
    import zmq
  File "/home/soumitra/anaconda3/lib/python3.5/site-packages/zmq/__init__.py", line 66, in <module>
    from zmq import backend
  File "/home/soumitra/anaconda3/lib/python3.5/site-packages/zmq/backend/__init__.py", line 40, in <module>
    reraise(*exc_info)
  File "/home/soumitra/anaconda3/lib/python3.5/site-packages/zmq/utils/sixcerpt.py", line 34, in reraise
    raise value
  File "/home/soumitra/anaconda3/lib/python3.5/site-packages/zmq/backend/__init__.py", line 27, in <module>
    _ns = select_backend(first)
  File "/home/soumitra/anaconda3/lib/python3.5/site-packages/zmq/backend/select.py", line 27, in select_backend
    mod = __import__(name, fromlist=public_api)
  File "/home/soumitra/anaconda3/lib/python3.5/site-packages/zmq/backend/cython/__init__.py", line 6, in <module>
    from . import (constants, error, message, context,
ImportError: /home/soumitra/anaconda3/lib/python3.5/site-packages/zmq/backend/cython/constants.cpython-35m-x86_64-linux-gnu.so: failed to map segment from shared object
Pseudo-terminal will not be allocated because stdin is not a terminal.
Linux instance-1 4.9.0-6-amd64 #1 SMP Debian 4.9.88-1+deb9u1 (2018-05-07) x86_64

The programs included with the Debian GNU/Linux system are free software;
the exact distribution terms for each program are described in the
individual files in /usr/share/doc/*/copyright.

Debian GNU/Linux comes with ABSOLUTELY NO WARRANTY, to the extent
permitted by applicable law.
Traceback (most recent call last):
  File "/home/soumitra/anaconda3/bin/ipython", line 4, in <module>
    import IPython
  File "/home/soumitra/anaconda3/lib/python3.5/site-packages/IPython/__init__.py", line 49, in <module>
    from .terminal.embed import embed
  File "/home/soumitra/anaconda3/lib/python3.5/site-packages/IPython/terminal/embed.py", line 19, in <module>
    from IPython.terminal.ipapp import load_default_config
  File "/home/soumitra/anaconda3/lib/python3.5/site-packages/IPython/terminal/ipapp.py", line 22, in <module>
    from IPython.core.completer import IPCompleter
  File "/home/soumitra/anaconda3/lib/python3.5/site-packages/IPython/core/completer.py", line 64, in <module>
    import unicodedata
ImportError: /home/soumitra/anaconda3/lib/python3.5/lib-dynload/unicodedata.cpython-35m-x86_64-linux-gnu.so: failed to map segment from shared object
Pseudo-terminal will not be allocated because stdin is not a terminal.
Linux instance-1 4.9.0-6-amd64 #1 SMP Debian 4.9.88-1+deb9u1 (2018-05-07) x86_64

The programs included with the Debian GNU/Linux system are free software;
the exact distribution terms for each program are described in the
individual files in /usr/share/doc/*/copyright.

Debian GNU/Linux comes with ABSOLUTELY NO WARRANTY, to the extent
permitted by applicable law.
Traceback (most recent call last):
  File "/home/soumitra/anaconda3/bin/ipython", line 4, in <module>
    import IPython
  File "/home/soumitra/anaconda3/lib/python3.5/site-packages/IPython/__init__.py", line 49, in <module>
    from .terminal.embed import embed
  File "/home/soumitra/anaconda3/lib/python3.5/site-packages/IPython/terminal/embed.py", line 19, in <module>
    from IPython.terminal.ipapp import load_default_config
  File "/home/soumitra/anaconda3/lib/python3.5/site-packages/IPython/terminal/ipapp.py", line 22, in <module>
    from IPython.core.completer import IPCompleter
  File "/home/soumitra/anaconda3/lib/python3.5/site-packages/IPython/core/completer.py", line 64, in <module>
    import unicodedata
ImportError: /home/soumitra/anaconda3/lib/python3.5/lib-dynload/unicodedata.cpython-35m-x86_64-linux-gnu.so: failed to map segment from shared object
Pseudo-terminal will not be allocated because stdin is not a terminal.
Linux instance-1 4.9.0-6-amd64 #1 SMP Debian 4.9.88-1+deb9u1 (2018-05-07) x86_64

The programs included with the Debian GNU/Linux system are free software;
the exact distribution terms for each program are described in the
individual files in /usr/share/doc/*/copyright.

Debian GNU/Linux comes with ABSOLUTELY NO WARRANTY, to the extent
permitted by applicable law.
Traceback (most recent call last):
  File "/home/soumitra/anaconda3/bin/ipython", line 4, in <module>
    import IPython
  File "/home/soumitra/anaconda3/lib/python3.5/site-packages/IPython/__init__.py", line 49, in <module>
    from .terminal.embed import embed
  File "/home/soumitra/anaconda3/lib/python3.5/site-packages/IPython/terminal/embed.py", line 19, in <module>
    from IPython.terminal.ipapp import load_default_config
  File "/home/soumitra/anaconda3/lib/python3.5/site-packages/IPython/terminal/ipapp.py", line 22, in <module>
    from IPython.core.completer import IPCompleter
  File "/home/soumitra/anaconda3/lib/python3.5/site-packages/IPython/core/completer.py", line 64, in <module>
    import unicodedata
ImportError: /home/soumitra/anaconda3/lib/python3.5/lib-dynload/unicodedata.cpython-35m-x86_64-linux-gnu.so: failed to map segment from shared object
Pseudo-terminal will not be allocated because stdin is not a terminal.
Linux instance-1 4.9.0-6-amd64 #1 SMP Debian 4.9.88-1+deb9u1 (2018-05-07) x86_64

The programs included with the Debian GNU/Linux system are free software;
the exact distribution terms for each program are described in the
individual files in /usr/share/doc/*/copyright.

Debian GNU/Linux comes with ABSOLUTELY NO WARRANTY, to the extent
permitted by applicable law.
Traceback (most recent call last):
  File "/home/soumitra/anaconda3/bin/ipython", line 4, in <module>
    import IPython
  File "/home/soumitra/anaconda3/lib/python3.5/site-packages/IPython/__init__.py", line 49, in <module>
    from .terminal.embed import embed
  File "/home/soumitra/anaconda3/lib/python3.5/site-packages/IPython/terminal/embed.py", line 16, in <module>
    from IPython.core.interactiveshell import DummyMod
  File "/home/soumitra/anaconda3/lib/python3.5/site-packages/IPython/core/interactiveshell.py", line 58, in <module>
    from IPython.core.prompts import PromptManager
  File "/home/soumitra/anaconda3/lib/python3.5/site-packages/IPython/core/prompts.py", line 25, in <module>
    import socket
  File "/home/soumitra/anaconda3/lib/python3.5/socket.py", line 49, in <module>
    import _socket
ImportError: /home/soumitra/anaconda3/lib/python3.5/lib-dynload/_socket.cpython-35m-x86_64-linux-gnu.so: failed to map segment from shared object
Pseudo-terminal will not be allocated because stdin is not a terminal.
Linux instance-1 4.9.0-6-amd64 #1 SMP Debian 4.9.88-1+deb9u1 (2018-05-07) x86_64

The programs included with the Debian GNU/Linux system are free software;
the exact distribution terms for each program are described in the
individual files in /usr/share/doc/*/copyright.

Debian GNU/Linux comes with ABSOLUTELY NO WARRANTY, to the extent
permitted by applicable law.
Traceback (most recent call last):
  File "/home/soumitra/anaconda3/bin/ipython", line 4, in <module>
    import IPython
  File "/home/soumitra/anaconda3/lib/python3.5/site-packages/IPython/__init__.py", line 49, in <module>
    from .terminal.embed import embed
  File "/home/soumitra/anaconda3/lib/python3.5/site-packages/IPython/terminal/embed.py", line 16, in <module>
    from IPython.core.interactiveshell import DummyMod
  File "/home/soumitra/anaconda3/lib/python3.5/site-packages/IPython/core/interactiveshell.py", line 58, in <module>
    from IPython.core.prompts import PromptManager
  File "/home/soumitra/anaconda3/lib/python3.5/site-packages/IPython/core/prompts.py", line 25, in <module>
    import socket
  File "/home/soumitra/anaconda3/lib/python3.5/socket.py", line 49, in <module>
    import _socket
ImportError: /home/soumitra/anaconda3/lib/python3.5/lib-dynload/_socket.cpython-35m-x86_64-linux-gnu.so: failed to map segment from shared object
Pseudo-terminal will not be allocated because stdin is not a terminal.
Linux instance-1 4.9.0-6-amd64 #1 SMP Debian 4.9.88-1+deb9u1 (2018-05-07) x86_64

The programs included with the Debian GNU/Linux system are free software;
the exact distribution terms for each program are described in the
individual files in /usr/share/doc/*/copyright.

Debian GNU/Linux comes with ABSOLUTELY NO WARRANTY, to the extent
permitted by applicable law.
Traceback (most recent call last):
  File "/home/soumitra/anaconda3/bin/ipython", line 4, in <module>
    import IPython
  File "/home/soumitra/anaconda3/lib/python3.5/site-packages/IPython/__init__.py", line 49, in <module>
    from .terminal.embed import embed
  File "/home/soumitra/anaconda3/lib/python3.5/site-packages/IPython/terminal/embed.py", line 19, in <module>
    from IPython.terminal.ipapp import load_default_config
  File "/home/soumitra/anaconda3/lib/python3.5/site-packages/IPython/terminal/ipapp.py", line 22, in <module>
    from IPython.core.completer import IPCompleter
  File "/home/soumitra/anaconda3/lib/python3.5/site-packages/IPython/core/completer.py", line 64, in <module>
    import unicodedata
ImportError: /home/soumitra/anaconda3/lib/python3.5/lib-dynload/unicodedata.cpython-35m-x86_64-linux-gnu.so: failed to map segment from shared object
Pseudo-terminal will not be allocated because stdin is not a terminal.
Linux instance-1 4.9.0-6-amd64 #1 SMP Debian 4.9.88-1+deb9u1 (2018-05-07) x86_64

The programs included with the Debian GNU/Linux system are free software;
the exact distribution terms for each program are described in the
individual files in /usr/share/doc/*/copyright.

Debian GNU/Linux comes with ABSOLUTELY NO WARRANTY, to the extent
permitted by applicable law.
Traceback (most recent call last):
  File "/home/soumitra/anaconda3/bin/ipython", line 4, in <module>
    import IPython
  File "/home/soumitra/anaconda3/lib/python3.5/site-packages/IPython/__init__.py", line 49, in <module>
    from .terminal.embed import embed
  File "/home/soumitra/anaconda3/lib/python3.5/site-packages/IPython/terminal/embed.py", line 19, in <module>
    from IPython.terminal.ipapp import load_default_config
  File "/home/soumitra/anaconda3/lib/python3.5/site-packages/IPython/terminal/ipapp.py", line 22, in <module>
    from IPython.core.completer import IPCompleter
  File "/home/soumitra/anaconda3/lib/python3.5/site-packages/IPython/core/completer.py", line 64, in <module>
    import unicodedata
ImportError: /home/soumitra/anaconda3/lib/python3.5/lib-dynload/unicodedata.cpython-35m-x86_64-linux-gnu.so: failed to map segment from shared object
Pseudo-terminal will not be allocated because stdin is not a terminal.
Linux instance-1 4.9.0-6-amd64 #1 SMP Debian 4.9.88-1+deb9u1 (2018-05-07) x86_64

The programs included with the Debian GNU/Linux system are free software;
the exact distribution terms for each program are described in the
individual files in /usr/share/doc/*/copyright.

Debian GNU/Linux comes with ABSOLUTELY NO WARRANTY, to the extent
permitted by applicable law.
Traceback (most recent call last):
  File "/home/soumitra/anaconda3/bin/ipython", line 4, in <module>
    import IPython
  File "/home/soumitra/anaconda3/lib/python3.5/site-packages/IPython/__init__.py", line 49, in <module>
    from .terminal.embed import embed
  File "/home/soumitra/anaconda3/lib/python3.5/site-packages/IPython/terminal/embed.py", line 16, in <module>
    from IPython.core.interactiveshell import DummyMod
  File "/home/soumitra/anaconda3/lib/python3.5/site-packages/IPython/core/interactiveshell.py", line 58, in <module>
    from IPython.core.prompts import PromptManager
  File "/home/soumitra/anaconda3/lib/python3.5/site-packages/IPython/core/prompts.py", line 25, in <module>
    import socket
  File "/home/soumitra/anaconda3/lib/python3.5/socket.py", line 49, in <module>
    import _socket
ImportError: /home/soumitra/anaconda3/lib/python3.5/lib-dynload/_socket.cpython-35m-x86_64-linux-gnu.so: failed to map segment from shared object
Write failed: Broken pipe
Write failed: Broken pipe
Write failed: Broken pipe
Write failed: Broken pipe
Write failed: Broken pipe
Write failed: Broken pipe
Write failed: Broken pipe
Write failed: Broken pipe
Write failed: Broken pipe
Write failed: Broken pipe
Write failed: Broken pipe
Write failed: Broken pipe
Write failed: Broken pipe
Write failed: Broken pipe
Write failed: Broken pipe
Write failed: Broken pipe
Write failed: Broken pipe
Write failed: Broken pipe
Write failed: Broken pipe
Write failed: Broken pipe
Write failed: Broken pipe
Write failed: Broken pipe
Write failed: Broken pipe
Write failed: Broken pipe
Write failed: Broken pipe
Write failed: Broken pipe
Write failed: Broken pipe
Write failed: Broken pipe
Write failed: Broken pipe
